<?xml version="1.0" encoding="UTF-8"?>
<!-- Generated by org.testng.reporters.JUnitReportReporter -->
<testsuite hostname="bigdaddy" name="org.xframium.examples.java.test.WebHomeNoPOM" tests="2" failures="0" timestamp="28 Mar 2017 11:36:07 GMT" time="23.511" errors="0">
  <testcase name="testToggleButton" time="10.699" classname="org.xframium.examples.java.test.WebHomeNoPOM"/>
  <testcase name="testToggleButton" time="12.812" classname="org.xframium.examples.java.test.WebHomeNoPOM"/>
</testsuite> <!-- org.xframium.examples.java.test.WebHomeNoPOM -->
